#1 [internal] load local bake definitions
#1 reading from stdin 525B done
#1 DONE 0.0s

#2 [internal] load build definition from dockerfile
#2 transferring dockerfile: 345B done
#2 DONE 0.0s

#3 [internal] load metadata for docker.io/library/ruby:3.3.4
#3 DONE 0.5s

#4 [internal] load .dockerignore
#4 transferring context: 2B done
#4 DONE 0.0s

#5 [1/6] FROM docker.io/library/ruby:3.3.4@sha256:d4233f4242ea25346f157709bb8417c615e7478468e2699c8e86a4e1f0156de8
#5 DONE 0.0s

#6 [internal] load build context
#6 transferring context: 250.18kB 0.2s done
#6 DONE 0.2s

#7 [2/6] RUN apt-get update -qq && apt-get install -y     postgresql-client     nodejs     npm
#7 CACHED

#8 [3/6] WORKDIR /app
#8 CACHED

#9 [4/6] COPY Gemfile .
#9 CACHED

#10 [5/6] RUN gem update --system &&     gem install bundler &&     bundle install --jobs 4 --retry 3
#10 CACHED

#11 [6/6] COPY . .
#11 DONE 1.0s

#12 exporting to image
#12 exporting layers
#12 exporting layers 0.6s done
#12 writing image sha256:7f0571087d6fda5869a6e76e850d2842d9fdd4ffc7c8aef6d594435f3ba09b66 done
#12 naming to docker.io/library/coding-interview-app done
#12 DONE 0.6s

#13 resolving provenance for metadata file
#13 DONE 0.0s
 coding-interview-app  Built
